This is pdfTeX, Version 3.14159265-2.6-1.40.18 (TeX Live 2017) (preloaded format=pdflatex 2017.8.2)  2 MAY 2018 17:04
entering extended mode
 restricted \write18 enabled.
 %&-line parsing enabled.
**paper.tex
(./paper.tex
LaTeX2e <2017-04-15>
Babel <3.12> and hyphenation patterns for 84 language(s) loaded.
(/usr/local/texlive/2017/texmf-dist/tex/latex/base/article.cls
Document Class: article 2014/09/29 v1.4h Standard LaTeX document class
(/usr/local/texlive/2017/texmf-dist/tex/latex/base/size10.clo
File: size10.clo 2014/09/29 v1.4h Standard LaTeX file (size option)
)
\c@part=\count79
\c@section=\count80
\c@subsection=\count81
\c@subsubsection=\count82
\c@paragraph=\count83
\c@subparagraph=\count84
\c@figure=\count85
\c@table=\count86
\abovecaptionskip=\skip41
\belowcaptionskip=\skip42
\bibindent=\dimen102
) (./cvpr.sty
(./eso-pic.sty
Package: eso-pic 2002/11/16 v1.1b eso-pic (RN)
 (./cvpr_eso.sty

LaTeX Warning: You have requested package `eso-pic',
               but the package provides `cvpr_eso'.

Package: cvpr_eso 2011/12/13 v1.00 CVPR ESO based on everyshi
) (/usr/local/texlive/2017/texmf-dist/tex/latex/graphics/keyval.sty
Package: keyval 2014/10/28 v1.15 key=value parser (DPC)
\KV@toks@=\toks14
))
(/usr/local/texlive/2017/texmf-dist/tex/latex/tools/xspace.sty
Package: xspace 2014/10/28 v1.13 Space after command names (DPC,MH)
)
CVPR 8.5 x 11-Inch Proceedings Style `cvpr.sty'.
\@ctmp=\skip43
\@figindent=\skip44
\cvprrulerbox=\box26
\cvprrulercount=\count87
\cvprruleroffset=\dimen103
\cv@lineheight=\dimen104
\cv@boxheight=\dimen105
\cv@tmpbox=\box27
\cv@refno=\count88
\cv@tot=\count89
\cv@tmpc@=\count90
\cv@tmpc=\count91
) (/usr/local/texlive/2017/texmf-dist/tex/latex/subfig/subfig.sty
Package: subfig 2005/06/28 ver: 1.3 subfig package

(/usr/local/texlive/2017/texmf-dist/tex/latex/caption/caption.sty
Package: caption 2016/02/21 v3.3-144 Customizing captions (AR)

(/usr/local/texlive/2017/texmf-dist/tex/latex/caption/caption3.sty
Package: caption3 2016/05/22 v1.7-166 caption3 kernel (AR)
Package caption3 Info: TeX engine: e-TeX on input line 67.
\captionmargin=\dimen106
\captionmargin@=\dimen107
\captionwidth=\dimen108
\caption@tempdima=\dimen109
\caption@indent=\dimen110
\caption@parindent=\dimen111
\caption@hangindent=\dimen112
Package caption Info: Unknown document class (or package),
(caption)             standard defaults will be used.
)

Package caption Warning: Unsupported document class (or package) detected,
(caption)                usage of the caption package is not recommended.
See the caption package documentation for explanation.

Package caption Info: \@makecaption = \long macro:#1#2-> \setbox \@tempboxa \hb
ox {\small \noindent #1.~#2} \setlength {\@ctmp }{\hsize } \addtolength {\@ctmp
 }{-\@figindent }\addtolength {\@ctmp }{-\@figindent } \ifdim \wd \@tempboxa >\
@ctmp {\small #1.~#2\par } \else \hbox to\hsize {\hfil \box \@tempboxa \hfil } 
\fi .
\c@ContinuedFloat=\count92
)
\c@KVtest=\count93
\sf@farskip=\skip45
\sf@captopadj=\dimen113
\sf@capskip=\skip46
\sf@nearskip=\skip47
\c@subfigure=\count94
\c@subfigure@save=\count95
\c@lofdepth=\count96
\c@subtable=\count97
\c@subtable@save=\count98
\c@lotdepth=\count99
\sf@top=\skip48
\sf@bottom=\skip49
) (/usr/local/texlive/2017/texmf-dist/tex/latex/psnfss/times.sty
Package: times 2005/04/12 PSNFSS-v9.2a (SPQR) 
)
(/usr/local/texlive/2017/texmf-dist/tex/latex/graphics/epsfig.sty
Package: epsfig 2017/06/25 v1.7b (e)psfig emulation (SPQR)

(/usr/local/texlive/2017/texmf-dist/tex/latex/graphics/graphicx.sty
Package: graphicx 2017/06/01 v1.1a Enhanced LaTeX Graphics (DPC,SPQR)

(/usr/local/texlive/2017/texmf-dist/tex/latex/graphics/graphics.sty
Package: graphics 2017/06/25 v1.2c Standard LaTeX Graphics (DPC,SPQR)

(/usr/local/texlive/2017/texmf-dist/tex/latex/graphics/trig.sty
Package: trig 2016/01/03 v1.10 sin cos tan (DPC)
)
(/usr/local/texlive/2017/texmf-dist/tex/latex/graphics-cfg/graphics.cfg
File: graphics.cfg 2016/06/04 v1.11 sample graphics configuration
)
Package graphics Info: Driver file: pdftex.def on input line 99.

(/usr/local/texlive/2017/texmf-dist/tex/latex/graphics-def/pdftex.def
File: pdftex.def 2017/06/24 v1.0g Graphics/color driver for pdftex
))
\Gin@req@height=\dimen114
\Gin@req@width=\dimen115
)
\epsfxsize=\dimen116
\epsfysize=\dimen117
)
(/usr/local/texlive/2017/texmf-dist/tex/latex/amsmath/amsmath.sty
Package: amsmath 2016/11/05 v2.16a AMS math features
\@mathmargin=\skip50

For additional information on amsmath, use the `?' option.
(/usr/local/texlive/2017/texmf-dist/tex/latex/amsmath/amstext.sty
Package: amstext 2000/06/29 v2.01 AMS text

(/usr/local/texlive/2017/texmf-dist/tex/latex/amsmath/amsgen.sty
File: amsgen.sty 1999/11/30 v2.0 generic functions
\@emptytoks=\toks15
\ex@=\dimen118
))
(/usr/local/texlive/2017/texmf-dist/tex/latex/amsmath/amsbsy.sty
Package: amsbsy 1999/11/29 v1.2d Bold Symbols
\pmbraise@=\dimen119
)
(/usr/local/texlive/2017/texmf-dist/tex/latex/amsmath/amsopn.sty
Package: amsopn 2016/03/08 v2.02 operator names
)
\inf@bad=\count100
LaTeX Info: Redefining \frac on input line 213.
\uproot@=\count101
\leftroot@=\count102
LaTeX Info: Redefining \overline on input line 375.
\classnum@=\count103
\DOTSCASE@=\count104
LaTeX Info: Redefining \ldots on input line 472.
LaTeX Info: Redefining \dots on input line 475.
LaTeX Info: Redefining \cdots on input line 596.
\Mathstrutbox@=\box28
\strutbox@=\box29
\big@size=\dimen120
LaTeX Font Info:    Redeclaring font encoding OML on input line 712.
LaTeX Font Info:    Redeclaring font encoding OMS on input line 713.
\macc@depth=\count105
\c@MaxMatrixCols=\count106
\dotsspace@=\muskip10
\c@parentequation=\count107
\dspbrk@lvl=\count108
\tag@help=\toks16
\row@=\count109
\column@=\count110
\maxfields@=\count111
\andhelp@=\toks17
\eqnshift@=\dimen121
\alignsep@=\dimen122
\tagshift@=\dimen123
\tagwidth@=\dimen124
\totwidth@=\dimen125
\lineht@=\dimen126
\@envbody=\toks18
\multlinegap=\skip51
\multlinetaggap=\skip52
\mathdisplay@stack=\toks19
LaTeX Info: Redefining \[ on input line 2817.
LaTeX Info: Redefining \] on input line 2818.
)
(/usr/local/texlive/2017/texmf-dist/tex/latex/amsfonts/amssymb.sty
Package: amssymb 2013/01/14 v3.01 AMS font symbols

(/usr/local/texlive/2017/texmf-dist/tex/latex/amsfonts/amsfonts.sty
Package: amsfonts 2013/01/14 v3.01 Basic AMSFonts support
\symAMSa=\mathgroup4
\symAMSb=\mathgroup5
LaTeX Font Info:    Overwriting math alphabet `\mathfrak' in version `bold'
(Font)                  U/euf/m/n --> U/euf/b/n on input line 106.
))
(/usr/local/texlive/2017/texmf-dist/tex/latex/booktabs/booktabs.sty
Package: booktabs 2016/04/27 v1.618033 publication quality tables
\heavyrulewidth=\dimen127
\lightrulewidth=\dimen128
\cmidrulewidth=\dimen129
\belowrulesep=\dimen130
\belowbottomsep=\dimen131
\aboverulesep=\dimen132
\abovetopsep=\dimen133
\cmidrulesep=\dimen134
\cmidrulekern=\dimen135
\defaultaddspace=\dimen136
\@cmidla=\count112
\@cmidlb=\count113
\@aboverulesep=\dimen137
\@belowrulesep=\dimen138
\@thisruleclass=\count114
\@lastruleclass=\count115
\@thisrulewidth=\dimen139
)
(/usr/local/texlive/2017/texmf-dist/tex/latex/makecell/makecell.sty
Package: makecell 2009/08/03 V0.1e Managing of Tab Column Heads and Cells

(/usr/local/texlive/2017/texmf-dist/tex/latex/tools/array.sty
Package: array 2016/10/06 v2.4d Tabular extension package (FMi)
\col@sep=\dimen140
\extrarowheight=\dimen141
\NC@list=\toks20
\extratabsurround=\skip53
\backup@length=\skip54
)
\rotheadsize=\dimen142
\c@nlinenum=\count116
\TeXr@lab=\toks21
)
(/usr/local/texlive/2017/texmf-dist/tex/latex/algorithms/algorithm.sty
Package: algorithm 2009/08/24 v0.1 Document Style `algorithm' - floating enviro
nment

(/usr/local/texlive/2017/texmf-dist/tex/latex/float/float.sty
Package: float 2001/11/08 v1.3d Float enhancements (AL)
\c@float@type=\count117
\float@exts=\toks22
\float@box=\box30
\@float@everytoks=\toks23
\@floatcapt=\box31
)
(/usr/local/texlive/2017/texmf-dist/tex/latex/base/ifthen.sty
Package: ifthen 2014/09/29 v1.1c Standard LaTeX ifthen package (DPC)
)
\@float@every@algorithm=\toks24
\c@algorithm=\count118
)
(/usr/local/texlive/2017/texmf-dist/tex/latex/algorithmicx/algpseudocode.sty
Package: algpseudocode 

(/usr/local/texlive/2017/texmf-dist/tex/latex/algorithmicx/algorithmicx.sty
Package: algorithmicx 2005/04/27 v1.2 Algorithmicx

Document Style algorithmicx 1.2 - a greatly improved `algorithmic' style
\c@ALG@line=\count119
\c@ALG@rem=\count120
\c@ALG@nested=\count121
\ALG@tlm=\skip55
\ALG@thistlm=\skip56
\c@ALG@Lnr=\count122
\c@ALG@blocknr=\count123
\c@ALG@storecount=\count124
\c@ALG@tmpcounter=\count125
\ALG@tmplength=\skip57
)
Document Style - pseudocode environments for use with the `algorithmicx' style
) (/usr/local/texlive/2017/texmf-dist/tex/latex/siunitx/siunitx.sty
(/usr/local/texlive/2017/texmf-dist/tex/latex/l3kernel/expl3.sty
Package: expl3 2017/07/19 L3 programming layer (loader) 

(/usr/local/texlive/2017/texmf-dist/tex/latex/l3kernel/expl3-code.tex
Package: expl3 2017/07/19 L3 programming layer (code)
\c_max_int=\count126
\l_tmpa_int=\count127
\l_tmpb_int=\count128
\g_tmpa_int=\count129
\g_tmpb_int=\count130
\g__intarray_font_int=\count131
\g__prg_map_int=\count132
\c_log_iow=\count133
\l_iow_line_count_int=\count134
\l__iow_line_target_int=\count135
\l__iow_one_indent_int=\count136
\l__iow_indent_int=\count137
\c_zero_dim=\dimen143
\c_max_dim=\dimen144
\l_tmpa_dim=\dimen145
\l_tmpb_dim=\dimen146
\g_tmpa_dim=\dimen147
\g_tmpb_dim=\dimen148
\c_zero_skip=\skip58
\c_max_skip=\skip59
\l_tmpa_skip=\skip60
\l_tmpb_skip=\skip61
\g_tmpa_skip=\skip62
\g_tmpb_skip=\skip63
\c_zero_muskip=\muskip11
\c_max_muskip=\muskip12
\l_tmpa_muskip=\muskip13
\l_tmpb_muskip=\muskip14
\g_tmpa_muskip=\muskip15
\g_tmpb_muskip=\muskip16
\l_keys_choice_int=\count138
\c__fp_leading_shift_int=\count139
\c__fp_middle_shift_int=\count140
\c__fp_trailing_shift_int=\count141
\c__fp_big_leading_shift_int=\count142
\c__fp_big_middle_shift_int=\count143
\c__fp_big_trailing_shift_int=\count144
\c__fp_Bigg_leading_shift_int=\count145
\c__fp_Bigg_middle_shift_int=\count146
\c__fp_Bigg_trailing_shift_int=\count147
\c__fp_rand_size_int=\count148
\c__fp_rand_four_int=\count149
\c__fp_rand_eight_int=\count150
\l__sort_length_int=\count151
\l__sort_min_int=\count152
\l__sort_top_int=\count153
\l__sort_max_int=\count154
\l__sort_true_max_int=\count155
\l__sort_block_int=\count156
\l__sort_begin_int=\count157
\l__sort_end_int=\count158
\l__sort_A_int=\count159
\l__sort_B_int=\count160
\l__sort_C_int=\count161
\l__tl_build_start_index_int=\count162
\l__tl_build_index_int=\count163
\l__tl_analysis_normal_int=\count164
\l__tl_analysis_index_int=\count165
\l__tl_analysis_nesting_int=\count166
\l__tl_analysis_type_int=\count167
\l__regex_internal_a_int=\count168
\l__regex_internal_b_int=\count169
\l__regex_internal_c_int=\count170
\l__regex_balance_int=\count171
\l__regex_group_level_int=\count172
\l__regex_mode_int=\count173
\c__regex_cs_in_class_mode_int=\count174
\c__regex_cs_mode_int=\count175
\l__regex_catcodes_int=\count176
\l__regex_default_catcodes_int=\count177
\c__regex_catcode_D_int=\count178
\c__regex_catcode_S_int=\count179
\c__regex_catcode_L_int=\count180
\c__regex_catcode_O_int=\count181
\c__regex_catcode_A_int=\count182
\c__regex_all_catcodes_int=\count183
\l__regex_show_lines_int=\count184
\l__regex_min_state_int=\count185
\l__regex_max_state_int=\count186
\l__regex_left_state_int=\count187
\l__regex_right_state_int=\count188
\l__regex_capturing_group_int=\count189
\l__regex_min_pos_int=\count190
\l__regex_max_pos_int=\count191
\l__regex_curr_pos_int=\count192
\l__regex_start_pos_int=\count193
\l__regex_success_pos_int=\count194
\l__regex_curr_char_int=\count195
\l__regex_curr_catcode_int=\count196
\l__regex_last_char_int=\count197
\l__regex_case_changed_char_int=\count198
\l__regex_curr_state_int=\count199
\l__regex_step_int=\count266
\l__regex_min_active_int=\count267
\l__regex_max_active_int=\count268
\l__regex_replacement_csnames_int=\count269
\l__regex_match_count_int=\count270
\l__regex_min_submatch_int=\count271
\l__regex_submatch_int=\count272
\l__regex_zeroth_submatch_int=\count273
\g__debug_trace_regex_int=\count274
\c_empty_box=\box32
\l_tmpa_box=\box33
\l_tmpb_box=\box34
\g_tmpa_box=\box35
\g_tmpb_box=\box36
\l__box_top_dim=\dimen149
\l__box_bottom_dim=\dimen150
\l__box_left_dim=\dimen151
\l__box_right_dim=\dimen152
\l__box_top_new_dim=\dimen153
\l__box_bottom_new_dim=\dimen154
\l__box_left_new_dim=\dimen155
\l__box_right_new_dim=\dimen156
\l__box_internal_box=\box37
\l__coffin_internal_box=\box38
\l__coffin_internal_dim=\dimen157
\l__coffin_offset_x_dim=\dimen158
\l__coffin_offset_y_dim=\dimen159
\l__coffin_x_dim=\dimen160
\l__coffin_y_dim=\dimen161
\l__coffin_x_prime_dim=\dimen162
\l__coffin_y_prime_dim=\dimen163
\c_empty_coffin=\box39
\l__coffin_aligned_coffin=\box40
\l__coffin_aligned_internal_coffin=\box41
\l_tmpa_coffin=\box42
\l_tmpb_coffin=\box43
\l__coffin_display_coffin=\box44
\l__coffin_display_coord_coffin=\box45
\l__coffin_display_pole_coffin=\box46
\l__coffin_display_offset_dim=\dimen164
\l__coffin_display_x_dim=\dimen165
\l__coffin_display_y_dim=\dimen166
\l__coffin_bounding_shift_dim=\dimen167
\l__coffin_left_corner_dim=\dimen168
\l__coffin_right_corner_dim=\dimen169
\l__coffin_bottom_corner_dim=\dimen170
\l__coffin_top_corner_dim=\dimen171
\l__coffin_scaled_total_height_dim=\dimen172
\l__coffin_scaled_width_dim=\dimen173
)
(/usr/local/texlive/2017/texmf-dist/tex/latex/l3kernel/l3pdfmode.def
File: l3pdfmode.def 2017/03/18 v L3 Experimental driver: PDF mode
\l__driver_color_stack_int=\count275
\l__driver_tmp_box=\box47
))
(/usr/local/texlive/2017/texmf-dist/tex/latex/l3packages/xparse/xparse.sty
Package: xparse 2017/07/19 L3 Experimental document command parser
\l__xparse_current_arg_int=\count276
\g__xparse_grabber_int=\count277
\l__xparse_m_args_int=\count278
\l__xparse_mandatory_args_int=\count279
\l__xparse_v_nesting_int=\count280
)
Package: siunitx 2017/07/23 v2.7i A comprehensive (SI) units package

(/usr/local/texlive/2017/texmf-dist/tex/latex/l3packages/l3keys2e/l3keys2e.sty
Package: l3keys2e 2017/07/19 LaTeX2e option processing using LaTeX3 keys
)
\l__siunitx_tmp_box=\box48
\l__siunitx_tmp_dim=\dimen174
\l__siunitx_tmp_int=\count281
\l__siunitx_number_mantissa_length_int=\count282
\l__siunitx_number_uncert_length_int=\count283
\l__siunitx_round_int=\count284
\l__siunitx_process_decimal_int=\count285
\l__siunitx_process_uncertainty_int=\count286
\l__siunitx_process_fixed_int=\count287
\l__siunitx_process_integer_min_int=\count288
\l__siunitx_process_precision_int=\count289
\l__siunitx_group_min_int=\count290
\l__siunitx_angle_marker_box=\box49
\l__siunitx_angle_unit_box=\box50
\l__siunitx_angle_marker_dim=\dimen175
\l__siunitx_angle_unit_dim=\dimen176
\l__siunitx_unit_int=\count291
\l__siunitx_unit_denominator_int=\count292
\l__siunitx_unit_numerator_int=\count293
\l__siunitx_unit_prefix_int=\count294
\l__siunitx_unit_prefix_base_int=\count295
\l__siunitx_unit_prefix_gram_int=\count296
\l__siunitx_number_product_int=\count297
\c__siunitx_one_fill_skip=\skip64
\l__siunitx_table_unit_align_skip=\skip65
\l__siunitx_table_exponent_dim=\dimen177
\l__siunitx_table_integer_dim=\dimen178
\l__siunitx_table_mantissa_dim=\dimen179
\l__siunitx_table_marker_dim=\dimen180
\l__siunitx_table_result_dim=\dimen181
\l__siunitx_table_uncert_dim=\dimen182
\l__siunitx_table_fill_pre_dim=\dimen183
\l__siunitx_table_fill_post_dim=\dimen184
\l__siunitx_table_fill_mid_dim=\dimen185
\l__siunitx_table_pre_box=\box51
\l__siunitx_table_post_box=\box52
\l__siunitx_table_mantissa_box=\box53
\l__siunitx_table_result_box=\box54
\l__siunitx_table_number_align_skip=\skip66
\l__siunitx_table_text_align_skip=\skip67
.................................................
. LaTeX info: "xparse/define-command"
. 
. Defining command \DeclareBinaryPrefix with sig. 'mmm' on line 7247.
.................................................
.................................................
. LaTeX info: "xparse/define-command"
. 
. Defining command \DeclareSIPostPower with sig. 'mm' on line 7250.
.................................................
.................................................
. LaTeX info: "xparse/define-command"
. 
. Defining command \DeclareSIPrefix with sig. 'mmm' on line 7253.
.................................................
.................................................
. LaTeX info: "xparse/define-command"
. 
. Defining command \DeclareSIPrePower with sig. 'mm' on line 7256.
.................................................
.................................................
. LaTeX info: "xparse/define-command"
. 
. Defining command \DeclareSIQualifier with sig. 'mm' on line 7259.
.................................................
.................................................
. LaTeX info: "xparse/define-command"
. 
. Defining command \DeclareSIUnit with sig. 'O{}mm' on line 7262.
.................................................
.................................................
. LaTeX info: "xparse/define-command"
. 
. Defining command \DeclareSIUnitWithOptions with sig. 'mmm' on line 7265.
.................................................
.................................................
. LaTeX info: "xparse/define-command"
. 
. Defining command \ang with sig. 'o>{\SplitArgument {2}{;}}m' on line 7280.
.................................................
.................................................
. LaTeX info: "xparse/define-command"
. 
. Defining command \num with sig. 'om' on line 7289.
.................................................
.................................................
. LaTeX info: "xparse/define-command"
. 
. Defining command \numlist with sig. 'o>{\SplitList {;}}m' on line 7298.
.................................................
.................................................
. LaTeX info: "xparse/define-command"
. 
. Defining command \numrange with sig. 'omm' on line 7307.
.................................................
.................................................
. LaTeX info: "xparse/define-command"
. 
. Defining command \SIlist with sig. 'o>{\SplitList {;}}mm' on line 7319.
.................................................
.................................................
. LaTeX info: "xparse/define-command"
. 
. Defining command \SIrange with sig. 'ommm' on line 7331.
.................................................
.................................................
. LaTeX info: "xparse/define-command"
. 
. Defining command \SI with sig. 'omom' on line 7343.
.................................................
.................................................
. LaTeX info: "xparse/define-command"
. 
. Defining command \sisetup with sig. 'm' on line 7346.
.................................................
.................................................
. LaTeX info: "xparse/define-command"
. 
. Defining command \tablenum with sig. 'om' on line 7361.
.................................................
.................................................
. LaTeX info: "xparse/define-command"
. 
. Defining command \si with sig. 'om' on line 7373.
.................................................
.................................................
. LaTeX info: "xparse/define-command"
. 
. Defining command \numInBookmark with sig. 'om' on line 7420.
.................................................
.................................................
. LaTeX info: "xparse/define-command"
. 
. Defining command \numrangeInBookmark with sig. 'omm' on line 7422.
.................................................
.................................................
. LaTeX info: "xparse/define-command"
. 
. Defining command \SIInBookmark with sig. 'omom' on line 7424.
.................................................
.................................................
. LaTeX info: "xparse/define-command"
. 
. Defining command \SIlistInBookmark with sig. 'omm' on line 7426.
.................................................
.................................................
. LaTeX info: "xparse/define-command"
. 
. Defining command \SIrangeInBookmark with sig. 'ommm' on line 7428.
.................................................
.................................................
. LaTeX info: "xparse/define-command"
. 
. Defining command \siInBookmark with sig. 'om' on line 7429.
.................................................
\g__file_internal_ior=\read1
(/usr/local/texlive/2017/texmf-dist/tex/latex/beamer/translator/translator.sty
Package: translator 2010/06/12 ver 1.10

(/usr/local/texlive/2017/texmf-dist/tex/latex/beamer/translator/translator-lang
uage-mappings.tex)))
(/usr/local/texlive/2017/texmf-dist/tex/latex/hyperref/hyperref.sty
Package: hyperref 2017/03/14 v6.85a Hypertext links for LaTeX

(/usr/local/texlive/2017/texmf-dist/tex/generic/oberdiek/hobsub-hyperref.sty
Package: hobsub-hyperref 2016/05/16 v1.14 Bundle oberdiek, subset hyperref (HO)


(/usr/local/texlive/2017/texmf-dist/tex/generic/oberdiek/hobsub-generic.sty
Package: hobsub-generic 2016/05/16 v1.14 Bundle oberdiek, subset generic (HO)
Package: hobsub 2016/05/16 v1.14 Construct package bundles (HO)
Package: infwarerr 2016/05/16 v1.4 Providing info/warning/error messages (HO)
Package: ltxcmds 2016/05/16 v1.23 LaTeX kernel commands for general use (HO)
Package: ifluatex 2016/05/16 v1.4 Provides the ifluatex switch (HO)
Package ifluatex Info: LuaTeX not detected.
Package: ifvtex 2016/05/16 v1.6 Detect VTeX and its facilities (HO)
Package ifvtex Info: VTeX not detected.
Package: intcalc 2016/05/16 v1.2 Expandable calculations with integers (HO)
Package: ifpdf 2017/03/15 v3.2 Provides the ifpdf switch
Package: etexcmds 2016/05/16 v1.6 Avoid name clashes with e-TeX commands (HO)
Package etexcmds Info: Could not find \expanded.
(etexcmds)             That can mean that you are not using pdfTeX 1.50 or
(etexcmds)             that some package has redefined \expanded.
(etexcmds)             In the latter case, load this package earlier.
Package: kvsetkeys 2016/05/16 v1.17 Key value parser (HO)
Package: kvdefinekeys 2016/05/16 v1.4 Define keys (HO)
Package: pdftexcmds 2017/03/19 v0.25 Utility functions of pdfTeX for LuaTeX (HO
)
Package pdftexcmds Info: LuaTeX not detected.
Package pdftexcmds Info: \pdf@primitive is available.
Package pdftexcmds Info: \pdf@ifprimitive is available.
Package pdftexcmds Info: \pdfdraftmode found.
Package: pdfescape 2016/05/16 v1.14 Implements pdfTeX's escape features (HO)
Package: bigintcalc 2016/05/16 v1.4 Expandable calculations on big integers (HO
)
Package: bitset 2016/05/16 v1.2 Handle bit-vector datatype (HO)
Package: uniquecounter 2016/05/16 v1.3 Provide unlimited unique counter (HO)
)
Package hobsub Info: Skipping package `hobsub' (already loaded).
Package: letltxmacro 2016/05/16 v1.5 Let assignment for LaTeX macros (HO)
Package: hopatch 2016/05/16 v1.3 Wrapper for package hooks (HO)
Package: xcolor-patch 2016/05/16 xcolor patch
Package: atveryend 2016/05/16 v1.9 Hooks at the very end of document (HO)
Package atveryend Info: \enddocument detected (standard20110627).
Package: atbegshi 2016/06/09 v1.18 At begin shipout hook (HO)
Package: refcount 2016/05/16 v3.5 Data extraction from label references (HO)
Package: hycolor 2016/05/16 v1.8 Color options for hyperref/bookmark (HO)
)
(/usr/local/texlive/2017/texmf-dist/tex/generic/ifxetex/ifxetex.sty
Package: ifxetex 2010/09/12 v0.6 Provides ifxetex conditional
)
(/usr/local/texlive/2017/texmf-dist/tex/latex/oberdiek/auxhook.sty
Package: auxhook 2016/05/16 v1.4 Hooks for auxiliary files (HO)
)
(/usr/local/texlive/2017/texmf-dist/tex/latex/oberdiek/kvoptions.sty
Package: kvoptions 2016/05/16 v3.12 Key value format for package options (HO)
)
\@linkdim=\dimen186
\Hy@linkcounter=\count298
\Hy@pagecounter=\count299

(/usr/local/texlive/2017/texmf-dist/tex/latex/hyperref/pd1enc.def
File: pd1enc.def 2017/03/14 v6.85a Hyperref: PDFDocEncoding definition (HO)
)
\Hy@SavedSpaceFactor=\count300

(/usr/local/texlive/2017/texmf-dist/tex/latex/latexconfig/hyperref.cfg
File: hyperref.cfg 2002/06/06 v1.2 hyperref configuration of TeXLive
)
Package hyperref Info: Option `breaklinks' set `true' on input line 4374.


Package hyperref Warning: Option `letterpaper' is no longer used.

Package hyperref Info: Option `colorlinks' set `true' on input line 4374.
Package hyperref Info: Option `bookmarks' set `false' on input line 4374.
Package hyperref Info: Hyper figures OFF on input line 4498.
Package hyperref Info: Link nesting OFF on input line 4503.
Package hyperref Info: Hyper index ON on input line 4506.
Package hyperref Info: Plain pages OFF on input line 4513.
Package hyperref Info: Backreferencing ON on input line 4516.
Package hyperref Info: Implicit mode ON; LaTeX internals redefined.
Package hyperref Info: Bookmarks OFF on input line 4757.
(/usr/local/texlive/2017/texmf-dist/tex/latex/hyperref/backref.sty
Package: backref 2016/05/21 v1.39 Bibliographical back referencing

(/usr/local/texlive/2017/texmf-dist/tex/latex/oberdiek/rerunfilecheck.sty
Package: rerunfilecheck 2016/05/16 v1.8 Rerun checks for auxiliary files (HO)
Package uniquecounter Info: New unique counter `rerunfilecheck' on input line 2
82.
))
\c@Hy@tempcnt=\count301

(/usr/local/texlive/2017/texmf-dist/tex/latex/url/url.sty
\Urlmuskip=\muskip17
Package: url 2013/09/16  ver 3.4  Verb mode for urls, etc.
)
LaTeX Info: Redefining \url on input line 5104.
\XeTeXLinkMargin=\dimen187
\Fld@menulength=\count302
\Field@Width=\dimen188
\Fld@charsize=\dimen189
Package hyperref Info: Hyper figures OFF on input line 6358.
Package hyperref Info: Link nesting OFF on input line 6363.
Package hyperref Info: Hyper index ON on input line 6366.
Package hyperref Info: backreferencing ON on input line 6371.
Package hyperref Info: Link coloring ON on input line 6376.
Package hyperref Info: Link coloring with OCG OFF on input line 6383.
Package hyperref Info: PDF/A mode OFF on input line 6388.
LaTeX Info: Redefining \ref on input line 6428.
LaTeX Info: Redefining \pageref on input line 6432.
\Hy@abspage=\count303
\c@Item=\count304
\c@Hfootnote=\count305
)

Package hyperref Message: Driver (autodetected): hpdftex.

(/usr/local/texlive/2017/texmf-dist/tex/latex/hyperref/hpdftex.def
File: hpdftex.def 2017/03/14 v6.85a Hyperref driver for pdfTeX
\Fld@listcount=\count306
\c@bookmark@seq@number=\count307
\Hy@SectionHShift=\skip68
)
(./paper.aux)
\openout1 = `paper.aux'.

LaTeX Font Info:    Checking defaults for OML/cmm/m/it on input line 41.
LaTeX Font Info:    ... okay on input line 41.
LaTeX Font Info:    Checking defaults for T1/cmr/m/n on input line 41.
LaTeX Font Info:    ... okay on input line 41.
LaTeX Font Info:    Checking defaults for OT1/cmr/m/n on input line 41.
LaTeX Font Info:    ... okay on input line 41.
LaTeX Font Info:    Checking defaults for OMS/cmsy/m/n on input line 41.
LaTeX Font Info:    ... okay on input line 41.
LaTeX Font Info:    Checking defaults for OMX/cmex/m/n on input line 41.
LaTeX Font Info:    ... okay on input line 41.
LaTeX Font Info:    Checking defaults for U/cmr/m/n on input line 41.
LaTeX Font Info:    ... okay on input line 41.
LaTeX Font Info:    Checking defaults for PD1/pdf/m/n on input line 41.
LaTeX Font Info:    ... okay on input line 41.
LaTeX Font Info:    Try loading font information for OT1+ptm on input line 41.
 (/usr/local/texlive/2017/texmf-dist/tex/latex/psnfss/ot1ptm.fd
File: ot1ptm.fd 2001/06/04 font definitions for OT1/ptm.
)
ABD: EveryShipout initializing macros
(/usr/local/texlive/2017/texmf-dist/tex/latex/graphics/color.sty
Package: color 2016/07/10 v1.1e Standard LaTeX Color (DPC)

(/usr/local/texlive/2017/texmf-dist/tex/latex/graphics-cfg/color.cfg
File: color.cfg 2016/01/02 v1.6 sample color configuration
)
Package color Info: Driver file: pdftex.def on input line 147.
)
Package caption Info: Begin \AtBeginDocument code.
Package caption Info: subfig package v1.3 is loaded.
Package caption Info: float package is loaded.
Package caption Info: hyperref package is loaded.
Package caption Info: End \AtBeginDocument code.

(/usr/local/texlive/2017/texmf-dist/tex/context/base/mkii/supp-pdf.mkii
[Loading MPS to PDF converter (version 2006.09.02).]
\scratchcounter=\count308
\scratchdimen=\dimen190
\scratchbox=\box55
\nofMPsegments=\count309
\nofMParguments=\count310
\everyMPshowfont=\toks25
\MPscratchCnt=\count311
\MPscratchDim=\dimen191
\MPnumerator=\count312
\makeMPintoPDFobject=\count313
\everyMPtoPDFconversion=\toks26
) (/usr/local/texlive/2017/texmf-dist/tex/latex/oberdiek/epstopdf-base.sty
Package: epstopdf-base 2016/05/15 v2.6 Base part for package epstopdf

(/usr/local/texlive/2017/texmf-dist/tex/latex/oberdiek/grfext.sty
Package: grfext 2016/05/16 v1.2 Manage graphics extensions (HO)
)
Package epstopdf-base Info: Redefining graphics rule for `.eps' on input line 4
38.
Package grfext Info: Graphics extension search list:
(grfext)             [.pdf,.png,.jpg,.mps,.jpeg,.jbig2,.jb2,.PDF,.PNG,.JPG,.JPE
G,.JBIG2,.JB2,.eps]
(grfext)             \AppendGraphicsExtensions on input line 456.

(/usr/local/texlive/2017/texmf-dist/tex/latex/latexconfig/epstopdf-sys.cfg
File: epstopdf-sys.cfg 2010/07/13 v1.3 Configuration of (r)epstopdf for TeX Liv
e
))
(/usr/local/texlive/2017/texmf-dist/tex/latex/beamer/translator/dicts/translato
r-basic-dictionary/translator-basic-dictionary-English.dict
Dictionary: translator-basic-dictionary, Language: English 
)
(/usr/local/texlive/2017/texmf-dist/tex/latex/siunitx/siunitx-abbreviations.cfg
File: siunitx-abbreviations.cfg 2017/07/23 v2.7i siunitx: Abbreviated units
)
\AtBeginShipoutBox=\box56
Package atbegshi Info: Package `everyshi' patched.
Package hyperref Info: Link coloring ON on input line 41.
 (/usr/local/texlive/2017/texmf-dist/tex/latex/hyperref/nameref.sty
Package: nameref 2016/05/21 v2.44 Cross-referencing by name of section

(/usr/local/texlive/2017/texmf-dist/tex/generic/oberdiek/gettitlestring.sty
Package: gettitlestring 2016/05/16 v1.5 Cleanup title references (HO)
)
\c@section@level=\count314
)
LaTeX Info: Redefining \ref on input line 41.
LaTeX Info: Redefining \pageref on input line 41.
LaTeX Info: Redefining \nameref on input line 41.
\c__siunitx_mathsf_int=\count315
LaTeX Font Info:    Try loading font information for U+msa on input line 41.

(/usr/local/texlive/2017/texmf-dist/tex/latex/amsfonts/umsa.fd
File: umsa.fd 2013/01/14 v3.01 AMS symbols A
)
LaTeX Font Info:    Try loading font information for U+msb on input line 41.

(/usr/local/texlive/2017/texmf-dist/tex/latex/amsfonts/umsb.fd
File: umsb.fd 2013/01/14 v3.01 AMS symbols B
)
\c__siunitx_mathtt_int=\count316
LaTeX Font Info:    Font shape `OT1/ptm/bx/n' in size <14.4> not available
(Font)              Font shape `OT1/ptm/b/n' tried instead on input line 65.
LaTeX Font Info:    Try loading font information for OT1+pcr on input line 65.

(/usr/local/texlive/2017/texmf-dist/tex/latex/psnfss/ot1pcr.fd
File: ot1pcr.fd 2001/06/04 font definitions for OT1/pcr.
)
(./0_introduction.tex
LaTeX Font Info:    Font shape `OT1/ptm/bx/n' in size <12> not available
(Font)              Font shape `OT1/ptm/b/n' tried instead on input line 2.
<./figures/proposal-header.png, id=13, 1356.06625pt x 527.9725pt>
File: ./figures/proposal-header.png Graphic file (type png)
<use ./figures/proposal-header.png>
Package pdftex.def Info: ./figures/proposal-header.png  used on input line 26. 
on input line 26.
Package pdftex.def Info: Requested size: 237.13594pt x 92.32407pt on input line
 26.
) (./1_compression.tex
<./figures/encoding_diagram_opt.pdf, id=21, pagebox=cropbox, 813.5735pt x 249.3
8069pt>
File: ./figures/encoding_diagram_opt.pdf Graphic file (type pdf)
<use ./figures/encoding_diagram_opt.pdf>
Package pdftex.def Info: ./figures/encoding_diagram_opt.pdf  used on input line
 6. on input line 6.
Package pdftex.def Info: Requested size: 214.63852pt x 65.79256pt on input line
 6.
<./figures/window_values.pdf, id=22, pagebox=cropbox, 1099.09547pt x 236.84932p
t>
File: ./figures/window_values.pdf Graphic file (type pdf)
<use ./figures/window_values.pdf>
Package pdftex.def Info: ./figures/window_values.pdf  used on input line 10. on
 input line 10.
Package pdftex.def Info: Requested size: 214.63852pt x 46.25227pt on input line
 10.

Underfull \hbox (badness 2334) in paragraph at lines 19--23
[]\OT1/ptm/m/n/10 An of-ten over-looked as-pect of these seg-men-ta-tion
 []

[1{/usr/local/texlive/2017/texmf-var/fonts/map/pdftex/updmap/pdftex.map}


 <./figures/proposal-header.png>] [2 <./figures/encoding_diagram_opt.pdf> <./fi
gures/window_values.pdf>]) (./2_error_correction.tex
Underfull \hbox (badness 2512) in paragraph at lines 4--9
[]\OT1/ptm/m/n/10 Automatic re-con-struc-tion meth-ods need to be fast
 []

<./figures/teaser_v4.png, id=170, 1058.95625pt x 555.07375pt>
File: ./figures/teaser_v4.png Graphic file (type png)
<use ./figures/teaser_v4.png>
Package pdftex.def Info: ./figures/teaser_v4.png  used on input line 43. on inp
ut line 43.
Package pdftex.def Info: Requested size: 322.95352pt x 169.28453pt on input lin
e 43.

Underfull \vbox (badness 10000) has occurred while \output is active []

 [3]
<./figures/skeleton1.png, id=208, 1396.21625pt x 518.93875pt>
File: ./figures/skeleton1.png Graphic file (type png)
<use ./figures/skeleton1.png>
Package pdftex.def Info: ./figures/skeleton1.png  used on input line 64. on inp
ut line 64.
Package pdftex.def Info: Requested size: 106.71045pt x 39.65512pt on input line
 64.
<./figures/skeleton2.png, id=209, 1485.55pt x 334.24875pt>
File: ./figures/skeleton2.png Graphic file (type png)
<use ./figures/skeleton2.png>
Package pdftex.def Info: ./figures/skeleton2.png  used on input line 68. on inp
ut line 68.
Package pdftex.def Info: Requested size: 106.71045pt x 24.00671pt on input line
 68.
<./figures/skeleton3.png, id=210, 1432.35126pt x 742.775pt>
File: ./figures/skeleton3.png Graphic file (type png)
<use ./figures/skeleton3.png>
Package pdftex.def Info: ./figures/skeleton3.png  used on input line 71. on inp
ut line 71.
Package pdftex.def Info: Requested size: 106.71045pt x 55.3317pt on input line 
71.
<./figures/skeleton4.png, id=211, 1161.33875pt x 302.12875pt>
File: ./figures/skeleton4.png Graphic file (type png)
<use ./figures/skeleton4.png>
Package pdftex.def Info: ./figures/skeleton4.png  used on input line 75. on inp
ut line 75.
Package pdftex.def Info: Requested size: 106.71045pt x 27.75745pt on input line
 75.
LaTeX Font Info:    Font shape `OT1/ptm/bx/n' in size <10> not available
(Font)              Font shape `OT1/ptm/b/n' tried instead on input line 81.

[4 <./figures/teaser_v4.png> <./figures/skeleton1.png> <./figures/skeleton2.png
> <./figures/skeleton3.png> <./figures/skeleton4.png>]
<./figures/constraint_error.png, id=232, 871.255pt x 561.09625pt>
File: ./figures/constraint_error.png Graphic file (type png)
<use ./figures/constraint_error.png>
Package pdftex.def Info: ./figures/constraint_error.png  used on input line 111
. on input line 111.
Package pdftex.def Info: Requested size: 94.85292pt x 61.07864pt on input line 
111.
<./figures/constraint_success.png, id=233, 1927.2pt x 1084.05pt>
File: ./figures/constraint_success.png Graphic file (type png)
<use ./figures/constraint_success.png>
Package pdftex.def Info: ./figures/constraint_success.png  used on input line 1
15. on input line 115.
Package pdftex.def Info: Requested size: 130.42548pt x 73.36044pt on input line
 115.
<./figures/split_error1.png, id=240, 499.56638pt x 150.5625pt>
File: ./figures/split_error1.png Graphic file (type png)
<use ./figures/split_error1.png>
Package pdftex.def Info: ./figures/split_error1.png  used on input line 162. on
 input line 162.
Package pdftex.def Info: Requested size: 75.88522pt x 22.87056pt on input line 
162.
<./figures/split_error2.png, id=241, 549.85425pt x 93.951pt>
File: ./figures/split_error2.png Graphic file (type png)
<use ./figures/split_error2.png>
Package pdftex.def Info: ./figures/split_error2.png  used on input line 166. on
 input line 166.
Package pdftex.def Info: Requested size: 75.88522pt x 12.96524pt on input line 
166.
<./figures/split_error3.png, id=242, 578.16pt x 130.38713pt>
File: ./figures/split_error3.png Graphic file (type png)
<use ./figures/split_error3.png>
Package pdftex.def Info: ./figures/split_error3.png  used on input line 170. on
 input line 170.
Package pdftex.def Info: Requested size: 75.88522pt x 17.11206pt on input line 
170.
LaTeX Font Info:    Try loading font information for TS1+ptm on input line 187.


(/usr/local/texlive/2017/texmf-dist/tex/latex/psnfss/ts1ptm.fd
File: ts1ptm.fd 2001/06/04 font definitions for TS1/ptm.
) [5 <./figures/constraint_error.png> <./figures/constraint_success.png> <./fig
ures/split_error1.png> <./figures/split_error2.png> <./figures/split_error3.png
>]
Underfull \hbox (badness 10000) in paragraph at lines 202--220

 []


Underfull \hbox (badness 10000) in paragraph at lines 202--220

 []


Underfull \hbox (badness 1371) in paragraph at lines 202--220
\OT1/ptm/b/n/10 Edge Weight Learn-ing []\OT1/ptm/m/n/10 We use half of the Kast
huri
 []

<./figures/benchmark/voi-Kasthuri-Luigi-Test.pdf, id=271, pagebox=cropbox, 230.
8625pt x 230.8625pt>
File: ./figures/benchmark/voi-Kasthuri-Luigi-Test.pdf Graphic file (type pdf)
<use ./figures/benchmark/voi-Kasthuri-Luigi-Test.pdf>
Package pdftex.def Info: ./figures/benchmark/voi-Kasthuri-Luigi-Test.pdf  used 
on input line 244. on input line 244.
Package pdftex.def Info: Requested size: 158.99763pt x 158.99937pt on input lin
e 244.
<./figures/benchmark/voi-FlyEM-Vol--1.pdf, id=272, pagebox=cropbox, 230.8625pt 
x 230.8625pt>
File: ./figures/benchmark/voi-FlyEM-Vol--1.pdf Graphic file (type pdf)
<use ./figures/benchmark/voi-FlyEM-Vol--1.pdf>
Package pdftex.def Info: ./figures/benchmark/voi-FlyEM-Vol--1.pdf  used on inpu
t line 245. on input line 245.
Package pdftex.def Info: Requested size: 158.99763pt x 158.99937pt on input lin
e 245.
<./figures/benchmark/voi-FlyEM-Vol--2.pdf, id=273, pagebox=cropbox, 230.8625pt 
x 230.8625pt>
File: ./figures/benchmark/voi-FlyEM-Vol--2.pdf Graphic file (type pdf)
<use ./figures/benchmark/voi-FlyEM-Vol--2.pdf>
Package pdftex.def Info: ./figures/benchmark/voi-FlyEM-Vol--2.pdf  used on inpu
t line 246. on input line 246.
Package pdftex.def Info: Requested size: 158.99763pt x 158.99937pt on input lin
e 246.
[6]
<./figures/VI-results/multicut-correct1.png, id=292, 578.16pt x 90.63863pt>
File: ./figures/VI-results/multicut-correct1.png Graphic file (type png)
<use ./figures/VI-results/multicut-correct1.png>
Package pdftex.def Info: ./figures/VI-results/multicut-correct1.png  used on in
put line 296. on input line 296.
Package pdftex.def Info: Requested size: 90.70453pt x 14.21895pt on input line 
296.
<./figures/VI-results/multicut-correct2.png, id=293, 538.11038pt x 317.68687pt>

File: ./figures/VI-results/multicut-correct2.png Graphic file (type png)
<use ./figures/VI-results/multicut-correct2.png>
Package pdftex.def Info: ./figures/VI-results/multicut-correct2.png  used on in
put line 297. on input line 297.
Package pdftex.def Info: Requested size: 90.70453pt x 53.55038pt on input line 
297.
<./figures/VI-results/multicut-correct3.png, id=294, 545.33737pt x 284.86424pt>

File: ./figures/VI-results/multicut-correct3.png Graphic file (type png)
<use ./figures/VI-results/multicut-correct3.png>
Package pdftex.def Info: ./figures/VI-results/multicut-correct3.png  used on in
put line 298. on input line 298.
Package pdftex.def Info: Requested size: 90.70453pt x 47.37872pt on input line 
298.
<./figures/VI-results/multicut-correct4.png, id=295, 578.16pt x 86.724pt>
File: ./figures/VI-results/multicut-correct4.png Graphic file (type png)
<use ./figures/VI-results/multicut-correct4.png>
Package pdftex.def Info: ./figures/VI-results/multicut-correct4.png  used on in
put line 299. on input line 299.
Package pdftex.def Info: Requested size: 90.70453pt x 13.60484pt on input line 
299.
<./figures/VI-results/multicut-correct5.png, id=296, 578.16pt x 124.96687pt>
File: ./figures/VI-results/multicut-correct5.png Graphic file (type png)
<use ./figures/VI-results/multicut-correct5.png>
Package pdftex.def Info: ./figures/VI-results/multicut-correct5.png  used on in
put line 300. on input line 300.
Package pdftex.def Info: Requested size: 90.70453pt x 19.6042pt on input line 3
00.
<./figures/VI-results/multicut-incorrect1.png, id=297, 952.55875pt x 212.795pt>

File: ./figures/VI-results/multicut-incorrect1.png Graphic file (type png)
<use ./figures/VI-results/multicut-incorrect1.png>
Package pdftex.def Info: ./figures/VI-results/multicut-incorrect1.png  used on 
input line 304. on input line 304.
Package pdftex.def Info: Requested size: 90.70453pt x 20.26118pt on input line 
304.
<./figures/VI-results/multicut-incorrect2.png, id=298, 931.48pt x 306.14375pt>
File: ./figures/VI-results/multicut-incorrect2.png Graphic file (type png)
<use ./figures/VI-results/multicut-incorrect2.png>
Package pdftex.def Info: ./figures/VI-results/multicut-incorrect2.png  used on 
input line 305. on input line 305.
Package pdftex.def Info: Requested size: 90.70453pt x 29.80801pt on input line 
305.
<./figures/VI-results/multicut-incorrect3.png, id=299, 949.5475pt x 532.99126pt
>
File: ./figures/VI-results/multicut-incorrect3.png Graphic file (type png)
<use ./figures/VI-results/multicut-incorrect3.png>
Package pdftex.def Info: ./figures/VI-results/multicut-incorrect3.png  used on 
input line 306. on input line 306.
Package pdftex.def Info: Requested size: 90.70453pt x 50.91121pt on input line 
306.
<./figures/VI-results/multicut-incorrect4.png, id=300, 946.53625pt x 307.1475pt
>
File: ./figures/VI-results/multicut-incorrect4.png Graphic file (type png)
<use ./figures/VI-results/multicut-incorrect4.png>
Package pdftex.def Info: ./figures/VI-results/multicut-incorrect4.png  used on 
input line 307. on input line 307.
Package pdftex.def Info: Requested size: 90.70453pt x 29.43239pt on input line 
307.

Underfull \hbox (badness 10000) in paragraph at lines 313--331

 []


Underfull \hbox (badness 10000) in paragraph at lines 313--331

 []


Underfull \hbox (badness 3271) in paragraph at lines 313--331
\OT1/ptm/b/n/10 Edge Weight Learn-ing \OT1/ptm/m/n/10 Fig. [][]10[][] shows the
 re-ceiver
 []

<./figures/merge_candidate1.png, id=304, 838.63312pt x 309.40594pt>
File: ./figures/merge_candidate1.png Graphic file (type png)
<use ./figures/merge_candidate1.png>
Package pdftex.def Info: ./figures/merge_candidate1.png  used on input line 335
. on input line 335.
Package pdftex.def Info: Requested size: 106.71045pt x 39.36964pt on input line
 335.
<./figures/merge_candidate2.png, id=305, 876.27374pt x 264.99pt>
File: ./figures/merge_candidate2.png Graphic file (type png)
<use ./figures/merge_candidate2.png>
Package pdftex.def Info: ./figures/merge_candidate2.png  used on input line 339
. on input line 339.
Package pdftex.def Info: Requested size: 106.71045pt x 32.26646pt on input line
 339.
<./figures/merge_candidate3.png, id=306, 1718.42pt x 423.5825pt>
File: ./figures/merge_candidate3.png Graphic file (type png)
<use ./figures/merge_candidate3.png>
Package pdftex.def Info: ./figures/merge_candidate3.png  used on input line 342
. on input line 342.
Package pdftex.def Info: Requested size: 106.71045pt x 26.29932pt on input line
 342.
<./figures/merge_candidate4.png, id=307, 902.37125pt x 339.2675pt>
File: ./figures/merge_candidate4.png Graphic file (type png)
<use ./figures/merge_candidate4.png>
Package pdftex.def Info: ./figures/merge_candidate4.png  used on input line 345
. on input line 345.
Package pdftex.def Info: Requested size: 106.71045pt x 40.12018pt on input line
 345.

Underfull \vbox (badness 1917) has occurred while \output is active []

 [7 <./figures/benchmark/voi-Kasthuri-Luigi-Test.pdf> <./figures/benchmark/voi-
FlyEM-Vol--1.pdf

pdfTeX warning: /usr/local/texlive/2017/bin/x86_64-linux/pdflatex (file ./figur
es/benchmark/voi-FlyEM-Vol--1.pdf): PDF inclusion: multiple pdfs with page grou
p included in a single page
> <./figures/benchmark/voi-FlyEM-Vol--2.pdf

pdfTeX warning: /usr/local/texlive/2017/bin/x86_64-linux/pdflatex (file ./figur
es/benchmark/voi-FlyEM-Vol--2.pdf): PDF inclusion: multiple pdfs with page grou
p included in a single page
> <./figures/VI-results/multicut-correct1.png> <./figures/VI-results/multicut-c
orrect2.png> <./figures/VI-results/multicut-correct3.png> <./figures/VI-results
/multicut-correct4.png> <./figures/VI-results/multicut-correct5.png> <./figures
/VI-results/multicut-incorrect1.png (PNG copy)> <./figures/VI-results/multicut-
incorrect2.png (PNG copy)> <./figures/VI-results/multicut-incorrect3.png (PNG c
opy)> <./figures/VI-results/multicut-incorrect4.png (PNG copy)>]
<./figures/receiver-operating-characteristic.png, id=371, 462.528pt x 346.896pt
>
File: ./figures/receiver-operating-characteristic.png Graphic file (type png)
<use ./figures/receiver-operating-characteristic.png>
Package pdftex.def Info: ./figures/receiver-operating-characteristic.png  used 
on input line 362. on input line 362.
Package pdftex.def Info: Requested size: 213.4209pt x 160.06636pt on input line
 362.


LaTeX Warning: `h' float specifier changed to `ht'.

) (./3_proposed.tex
<./figures/split-proposal.png, id=374, 916.42375pt x 398.48875pt>
File: ./figures/split-proposal.png Graphic file (type png)
<use ./figures/split-proposal.png>
Package pdftex.def Info: ./figures/split-proposal.png  used on input line 27. o
n input line 27.
Package pdftex.def Info: Requested size: 189.70947pt x 82.48726pt on input line
 27.
) [8 <./figures/merge_candidate1.png> <./figures/merge_candidate2.png> <./figur
es/merge_candidate3.png> <./figures/merge_candidate4.png> <./figures/receiver-o
perating-characteristic.png>] (./4_conclusions.tex)
(./paper.bbl (./paper.brf)
\tf@brf=\write3
\openout3 = `paper.brf'.

 [9 <./figures/split-proposal.png>]
Underfull \hbox (badness 10000) in paragraph at lines 71--71
[]\OT1/ptm/m/n/9 Collet and Turner.  Smaller and faster
 []


Underfull \hbox (badness 10000) in paragraph at lines 71--71
\OT1/ptm/m/n/9 data com-pres-sion with zs-tan-dard, url:
 []


Overfull \hbox (5.07484pt too wide) in paragraph at lines 71--71
\OT1/ptm/m/n/9 https://code.facebook.com/posts/1658392934479273/smaller-
 []


Underfull \hbox (badness 1394) in paragraph at lines 71--71
\OT1/ptm/m/n/9 and-faster-data-compression-with-zstandard/, 2016.  Ac-
 []


Underfull \hbox (badness 10000) in paragraph at lines 88--88
[]\OT1/ptm/m/n/9 Google.  Brotli com-pres-sion for-mat, url:
 []


Underfull \hbox (badness 1953) in paragraph at lines 88--88
\OT1/ptm/m/n/9 https://github.com/google/brotli, 2016.  Ac-cessed: 11-
 []


Underfull \hbox (badness 10000) in paragraph at lines 96--96
[]\OT1/ptm/m/n/9 Google.  Neu-roglancer com-pres-sion,
 []


Underfull \hbox (badness 10000) in paragraph at lines 96--96
\OT1/ptm/m/n/9 url: https://github.com/google/neuroglancer/
 []


Underfull \hbox (badness 10000) in paragraph at lines 96--96
\OT1/ptm/m/n/9 blob/master/src/neuroglancer/sliceview/ com-
 []


Underfull \hbox (badness 10000) in paragraph at lines 96--96
\OT1/ptm/m/n/9 pressed[]segmentation/readme.md, 2016.  Ac-cessed:
 []


Underfull \hbox (badness 2318) in paragraph at lines 116--116
[]\OT1/ptm/m/n/9 D. Haehn, S. Knowles-Barley, M. Roberts, J. Beyer,
 []


Underfull \hbox (badness 6725) in paragraph at lines 128--128
[]\OT1/ptm/m/n/9 V. Jain, B. Boll-mann, M. Richard-son, D. Berger,
 []


Underfull \hbox (badness 2088) in paragraph at lines 128--128
\OT1/ptm/m/n/9 M. Helmst[]adter, K. Brig-gman, W. Denk, J. Bow-den,
 []


Underfull \hbox (badness 1052) in paragraph at lines 140--140
[]\OT1/ptm/m/n/9 M. Januszewski, J. Maitin-Shepard, P. Li, J. Ko-rn-feld,
 []


Underfull \hbox (badness 10000) in paragraph at lines 159--159
[]\OT1/ptm/m/n/9 V. Kaynig, A. Vazquez-Reina, S. Knowles-Barley,
 []


Underfull \hbox (badness 4366) in paragraph at lines 159--159
\OT1/ptm/m/n/9 neu-ronal pro-cesses from elec-tron mi-croscopy im-ages.
 []


Underfull \hbox (badness 10000) in paragraph at lines 192--192
[]\OT1/ptm/m/n/9 M. Lehmann.  Li-blzf, url:
 []


Underfull \hbox (badness 3919) in paragraph at lines 192--192
\OT1/ptm/m/n/9 http://oldhome.schmorp.de/marc/liblzf.html, 2016.  ac-
 []

[10]
Underfull \hbox (badness 3068) in paragraph at lines 217--217
[]\OT1/ptm/m/n/9 M. Ober-humer.  Lzo real-time data com-pres-sion li-
 []


Underfull \hbox (badness 6141) in paragraph at lines 217--217
\OT1/ptm/m/n/9 brary.  \OT1/ptm/m/it/9 User man-ual for LZO ver-sion 0.28, url:

 []


Underfull \hbox (badness 10000) in paragraph at lines 217--217
\OT1/ptm/m/it/9 http://www.infosys.tuwien.ac.at/Staff/lux/marco/lzo.html
 []

)
Package atveryend Info: Empty hook `BeforeClearDocument' on input line 81.
 [11]
Package atveryend Info: Empty hook `AfterLastShipout' on input line 81.
 (./paper.aux)
Package atveryend Info: Executing hook `AtVeryEndDocument' on input line 81.
Package atveryend Info: Executing hook `AtEndAfterFileList' on input line 81.
Package rerunfilecheck Info: File `paper.brf' has not changed.
(rerunfilecheck)             Checksum: 92A436097C22AB218C8727D244B21769;3915.
Package atveryend Info: Empty hook `AtVeryVeryEnd' on input line 81.
 ) 
Here is how much of TeX's memory you used:
 19279 strings out of 492990
 371902 string characters out of 6132622
 417429 words of memory out of 5000000
 22499 multiletter control sequences out of 15000+600000
 557937 words of font info for 88 fonts, out of 8000000 for 9000
 1141 hyphenation exceptions out of 8191
 44i,10n,45p,10374b,864s stack positions out of 5000i,500n,10000p,200000b,80000s
{/usr/local/texlive/2017/texmf-dist/fonts/enc/dvips/base/8r.enc}</usr/local/t
exlive/2017/texmf-dist/fonts/type1/public/amsfonts/cm/cmex10.pfb></usr/local/te
xlive/2017/texmf-dist/fonts/type1/public/amsfonts/cm/cmmi10.pfb></usr/local/tex
live/2017/texmf-dist/fonts/type1/public/amsfonts/cm/cmmi7.pfb></usr/local/texli
ve/2017/texmf-dist/fonts/type1/public/amsfonts/cm/cmr10.pfb></usr/local/texlive
/2017/texmf-dist/fonts/type1/public/amsfonts/cm/cmr7.pfb></usr/local/texlive/20
17/texmf-dist/fonts/type1/public/amsfonts/cm/cmsy10.pfb></usr/local/texlive/201
7/texmf-dist/fonts/type1/public/amsfonts/cm/cmsy7.pfb></usr/local/texlive/2017/
texmf-dist/fonts/type1/public/amsfonts/symbols/msbm10.pfb></usr/local/texlive/2
017/texmf-dist/fonts/type1/urw/courier/ucrr8a.pfb></usr/local/texlive/2017/texm
f-dist/fonts/type1/urw/times/utmb8a.pfb></usr/local/texlive/2017/texmf-dist/fon
ts/type1/urw/times/utmr8a.pfb></usr/local/texlive/2017/texmf-dist/fonts/type1/u
rw/times/utmri8a.pfb>
Output written on paper.pdf (11 pages, 4314751 bytes).
PDF statistics:
 537 PDF objects out of 1000 (max. 8388607)
 431 compressed objects within 5 object streams
 108 named destinations out of 1000 (max. 500000)
 156 words of extra memory for PDF output out of 10000 (max. 10000000)

